\BOOKMARK [1][-]{section*.1}{\376\377\000A\000b\000s\000t\000r\000a\000c\000t}{}% 1
\BOOKMARK [1][-]{section.1}{\376\377\0001\000\040\000I\000n\000t\000r\000o\000d\000u\000c\000t\000i\000o\000n}{}% 2
\BOOKMARK [2][-]{subsection.1.1}{\376\377\0001\000.\0001\000\040\000C\000u\000r\000r\000e\000n\000t\000\040\000i\000s\000s\000u\000e\000s}{section.1}% 3
\BOOKMARK [2][-]{subsection.1.2}{\376\377\0001\000.\0002\000\040\000R\000e\000m\000o\000v\000i\000n\000g\000\040\000s\000h\000o\000r\000t\000c\000u\000t\000s}{section.1}% 4
\BOOKMARK [2][-]{subsection.1.3}{\376\377\0001\000.\0003\000\040\000C\000o\000n\000t\000r\000i\000b\000u\000t\000i\000o\000n\000s}{section.1}% 5
\BOOKMARK [1][-]{section.2}{\376\377\0002\000\040\000B\000a\000c\000k\000g\000r\000o\000u\000n\000d}{}% 6
\BOOKMARK [1][-]{section.3}{\376\377\0003\000\040\000M\000e\000t\000h\000o\000d\000o\000l\000o\000g\000y}{}% 7
\BOOKMARK [2][-]{subsection.3.1}{\376\377\0003\000.\0001\000\040\000D\000a\000t\000a\000\040\000p\000r\000e\000p\000r\000o\000c\000e\000s\000s\000i\000n\000g}{section.3}% 8
\BOOKMARK [2][-]{subsection.3.2}{\376\377\0003\000.\0002\000\040\000T\000D\000U\000s\000e\000r\000M\000e\000t\000e\000r}{section.3}% 9
\BOOKMARK [1][-]{section.4}{\376\377\0004\000\040\000n\000e\000t\000R\000e\000p\000l\000i\000c\000a}{}% 10
\BOOKMARK [2][-]{subsection.4.1}{\376\377\0004\000.\0001\000\040\000E\000x\000i\000s\000t\000i\000n\000g\000\040\000A\000p\000p\000r\000o\000a\000c\000h\000e\000s}{section.4}% 11
\BOOKMARK [2][-]{subsection.4.2}{\376\377\0004\000.\0002\000\040\000E\000x\000p\000e\000r\000i\000m\000e\000n\000t\000\040\000D\000e\000s\000i\000g\000n}{section.4}% 12
\BOOKMARK [1][-]{section.5}{\376\377\0005\000\040\000M\000e\000a\000s\000u\000r\000e\000m\000e\000n\000t\000\040\000S\000t\000u\000d\000y}{}% 13
\BOOKMARK [2][-]{subsection.5.1}{\376\377\0005\000.\0001\000\040\000R\000e\000s\000u\000l\000t\000s}{section.5}% 14
\BOOKMARK [1][-]{section.6}{\376\377\0006\000\040\000R\000e\000l\000a\000t\000e\000d\000\040\000W\000o\000r\000k}{}% 15
\BOOKMARK [2][-]{subsection.6.1}{\376\377\0006\000.\0001\000\040\000I\000d\000e\000n\000t\000i\000f\000c\000a\000t\000i\000o\000n\000\040\000a\000n\000d\000\040\000C\000o\000u\000n\000t\000i\000n\000g\000\040\000o\000f\000\040\000H\000o\000s\000t\000s\000\040\000B\000e\000h\000i\000n\000d\000\040\000N\000A\000T\000\040\000U\000s\000i\000n\000g\000\040\000M\000a\000c\000h\000i\000n\000e\000\040\000L\000e\000a\000r\000n\000i\000n\000g\000\040\000s\000h\000u\000k\000l\000a\0002\0000\0002\0002\000i\000d\000e\000n\000t\000i\000f\000i\000c\000a\000t\000i\000o\000n}{section.6}% 16
\BOOKMARK [2][-]{subsection.6.2}{\376\377\0006\000.\0002\000\040\000I\000d\000e\000n\000t\000i\000f\000y\000i\000n\000g\000\040\000N\000A\000T\000\040\000D\000e\000v\000i\000c\000e\000s\000\040\000t\000o\000\040\000D\000e\000t\000e\000c\000t\000\040\000S\000h\000a\000d\000o\000w\000\040\000I\000T\000:\000\040\000A\000\040\000M\000a\000c\000h\000i\000n\000e\000\040\000L\000e\000a\000r\000n\000i\000n\000g\000\040\000A\000p\000p\000r\000o\000a\000c\000h\000\040\000n\000a\000s\000s\000a\000r\0002\0000\0002\0001\000i\000d\000e\000n\000t\000i\000f\000y\000i\000n\000g}{section.6}% 17
\BOOKMARK [2][-]{subsection.6.3}{\376\377\0006\000.\0003\000\040\000A\000\040\000G\000e\000n\000e\000r\000a\000l\000i\000z\000a\000b\000l\000e\000\040\000M\000a\000c\000h\000i\000n\000e\000\040\000L\000e\000a\000r\000n\000i\000n\000g\000\040\000M\000o\000d\000e\000l\000\040\000f\000o\000r\000\040\000N\000A\000T\000\040\000D\000e\000t\000e\000c\000t\000i\000o\000n\000\040\000n\000a\000s\000s\000a\000r\0002\0000\0002\0003\000g\000e\000n\000e\000r\000a\000l\000i\000z\000a\000b\000l\000e}{section.6}% 18
\BOOKMARK [2][-]{subsection.6.4}{\376\377\0006\000.\0004\000\040\000E\000x\000p\000l\000o\000r\000i\000n\000g\000\040\000n\000a\000t\000\040\000d\000e\000t\000e\000c\000t\000i\000o\000n\000\040\000a\000n\000d\000\040\000h\000o\000s\000t\000\040\000i\000d\000e\000n\000t\000i\000f\000i\000c\000a\000t\000i\000o\000n\000\040\000u\000s\000i\000n\000g\000\040\000m\000a\000c\000h\000i\000n\000e\000\040\000l\000e\000a\000r\000n\000i\000n\000g\000\040\000k\000h\000a\000t\000o\000u\000n\000i\0002\0000\0001\0009\000e\000x\000p\000l\000o\000r\000i\000n\000g}{section.6}% 19
\BOOKMARK [2][-]{subsection.6.5}{\376\377\0006\000.\0005\000\040\000H\000o\000w\000\040\000P\000o\000l\000y\000n\000o\000m\000i\000a\000l\000\040\000R\000e\000g\000r\000e\000s\000s\000i\000o\000n\000\040\000I\000m\000p\000r\000o\000v\000e\000s\000\040\000D\000e\000N\000A\000T\000i\000n\000g\000\040\000a\000d\000l\000e\000r\0002\0000\0002\0003\000p\000o\000l\000y\000n\000o\000m\000i\000a\000l}{section.6}% 20
\BOOKMARK [1][-]{section.7}{\376\377\0007\000\040\000D\000i\000s\000c\000u\000s\000s\000i\000o\000n}{}% 21
\BOOKMARK [1][-]{section.8}{\376\377\0008\000\040\000C\000o\000n\000c\000l\000u\000s\000i\000o\000n}{}% 22
\BOOKMARK [1][-]{section*.6}{\376\377\000A\000c\000k\000n\000o\000w\000l\000e\000d\000g\000m\000e\000n\000t\000s}{}% 23
\BOOKMARK [1][-]{section*.8}{\376\377\000R\000e\000f\000e\000r\000e\000n\000c\000e\000s}{}% 24
